[2020-09-14T17:17:05.326] [ERROR] cheese - Cheese is too ripe!
[2020-09-14T17:26:29.451] [ERROR] cheese - Error: Not implemented
    at actionIndex (/Users/yuxianwen/Documents/basic/controllers/IndexController.js:9:11)
    at dispatch (/Users/yuxianwen/Documents/basic/node_modules/koa-compose/index.js:42:32)
    at /Users/yuxianwen/Documents/basic/node_modules/@koa/router/lib/router.js:372:16
    at dispatch (/Users/yuxianwen/Documents/basic/node_modules/koa-compose/index.js:42:32)
    at /Users/yuxianwen/Documents/basic/node_modules/koa-compose/index.js:34:12
    at dispatch (/Users/yuxianwen/Documents/basic/node_modules/@koa/router/lib/router.js:377:31)
    at dispatch (/Users/yuxianwen/Documents/basic/node_modules/koa-compose/index.js:42:32)
    at serve (/Users/yuxianwen/Documents/basic/node_modules/koa-static/index.js:53:15)
[2020-09-14T17:27:25.071] [ERROR] cheese - Not implemented
[2020-09-14T18:01:18.744] [ERROR] cheese - ctx.render2 is not a function
[2020-09-14T18:01:32.719] [ERROR] cheese - TypeError: ctx.render2 is not a function
    at actionIndex (/Users/yuxianwen/Documents/basic/controllers/IndexController.js:10:26)
    at dispatch (/Users/yuxianwen/Documents/basic/node_modules/koa-compose/index.js:42:32)
    at /Users/yuxianwen/Documents/basic/node_modules/@koa/router/lib/router.js:372:16
    at dispatch (/Users/yuxianwen/Documents/basic/node_modules/koa-compose/index.js:42:32)
    at /Users/yuxianwen/Documents/basic/node_modules/koa-compose/index.js:34:12
    at dispatch (/Users/yuxianwen/Documents/basic/node_modules/@koa/router/lib/router.js:377:31)
    at dispatch (/Users/yuxianwen/Documents/basic/node_modules/koa-compose/index.js:42:32)
    at serve (/Users/yuxianwen/Documents/basic/node_modules/koa-static/index.js:53:15)
[2020-09-14T18:01:34.440] [ERROR] cheese - TypeError: ctx.render2 is not a function
    at actionIndex (/Users/yuxianwen/Documents/basic/controllers/IndexController.js:10:26)
    at dispatch (/Users/yuxianwen/Documents/basic/node_modules/koa-compose/index.js:42:32)
    at /Users/yuxianwen/Documents/basic/node_modules/@koa/router/lib/router.js:372:16
    at dispatch (/Users/yuxianwen/Documents/basic/node_modules/koa-compose/index.js:42:32)
    at /Users/yuxianwen/Documents/basic/node_modules/koa-compose/index.js:34:12
    at dispatch (/Users/yuxianwen/Documents/basic/node_modules/@koa/router/lib/router.js:377:31)
    at dispatch (/Users/yuxianwen/Documents/basic/node_modules/koa-compose/index.js:42:32)
    at serve (/Users/yuxianwen/Documents/basic/node_modules/koa-static/index.js:53:15)
[2020-09-14T23:18:22.667] [ERROR] cheese - ReferenceError: url is not defined
    at BooksModel.getBookList (/Users/yuxianwen/Documents/basic/models/BooksModel.js:6:24)
    at _callee$ (/Users/yuxianwen/Documents/basic/controllers/BookController.js:23:40)
    at tryCatch (/Users/yuxianwen/Documents/basic/node_modules/regenerator-runtime/runtime.js:63:40)
    at Generator.invoke [as _invoke] (/Users/yuxianwen/Documents/basic/node_modules/regenerator-runtime/runtime.js:293:22)
    at Generator.next (/Users/yuxianwen/Documents/basic/node_modules/regenerator-runtime/runtime.js:118:21)
    at asyncGeneratorStep (/Users/yuxianwen/Documents/basic/controllers/BookController.js:16:103)
    at _next (/Users/yuxianwen/Documents/basic/controllers/BookController.js:18:194)
    at /Users/yuxianwen/Documents/basic/controllers/BookController.js:18:364
    at new Promise (<anonymous>)
    at /Users/yuxianwen/Documents/basic/controllers/BookController.js:18:97
[2020-09-14T23:18:33.138] [ERROR] cheese - ReferenceError: url is not defined
    at BooksModel.getBookList (/Users/yuxianwen/Documents/basic/models/BooksModel.js:6:24)
    at _callee$ (/Users/yuxianwen/Documents/basic/controllers/ApiController.js:23:38)
    at tryCatch (/Users/yuxianwen/Documents/basic/node_modules/regenerator-runtime/runtime.js:63:40)
    at Generator.invoke [as _invoke] (/Users/yuxianwen/Documents/basic/node_modules/regenerator-runtime/runtime.js:293:22)
    at Generator.next (/Users/yuxianwen/Documents/basic/node_modules/regenerator-runtime/runtime.js:118:21)
    at asyncGeneratorStep (/Users/yuxianwen/Documents/basic/controllers/ApiController.js:16:103)
    at _next (/Users/yuxianwen/Documents/basic/controllers/ApiController.js:18:194)
    at /Users/yuxianwen/Documents/basic/controllers/ApiController.js:18:364
    at new Promise (<anonymous>)
    at /Users/yuxianwen/Documents/basic/controllers/ApiController.js:18:97
[2020-09-14T23:19:50.589] [ERROR] cheese - TypeError: Cannot call a class as a function
    at _classCallCheck (/Users/yuxianwen/Documents/basic/utils/saveRequest.js:12:99)
    at SaveRequest (/Users/yuxianwen/Documents/basic/utils/saveRequest.js:20:5)
    at BooksModel.getBookList (/Users/yuxianwen/Documents/basic/models/BooksModel.js:6:12)
    at _callee$ (/Users/yuxianwen/Documents/basic/controllers/ApiController.js:23:38)
    at tryCatch (/Users/yuxianwen/Documents/basic/node_modules/regenerator-runtime/runtime.js:63:40)
    at Generator.invoke [as _invoke] (/Users/yuxianwen/Documents/basic/node_modules/regenerator-runtime/runtime.js:293:22)
    at Generator.next (/Users/yuxianwen/Documents/basic/node_modules/regenerator-runtime/runtime.js:118:21)
    at asyncGeneratorStep (/Users/yuxianwen/Documents/basic/controllers/ApiController.js:16:103)
    at _next (/Users/yuxianwen/Documents/basic/controllers/ApiController.js:18:194)
    at /Users/yuxianwen/Documents/basic/controllers/ApiController.js:18:364
[2020-11-22T22:42:56.220] [ERROR] cheese - ClientError [BadRequestError]: Malicious Path
    at resolvePath (/Users/yuxianwen/Documents/books-manager/node_modules/resolve-path/index.js:78:11)
    at send (/Users/yuxianwen/Documents/books-manager/node_modules/koa-send/index.js:81:10)
    at serve (/Users/yuxianwen/Documents/books-manager/node_modules/koa-static/index.js:44:24)
    at next (/Users/yuxianwen/Documents/books-manager/node_modules/koa-compose/index.js:42:32)
    at _callee2$ (/Users/yuxianwen/Documents/books-manager/src/server/middlewares/errorHandler.js:16:13)
    at tryCatch (/Users/yuxianwen/Documents/books-manager/node_modules/regenerator-runtime/runtime.js:63:40)
    at Generator.invoke [as _invoke] (/Users/yuxianwen/Documents/books-manager/node_modules/regenerator-runtime/runtime.js:293:22)
    at Generator.next (/Users/yuxianwen/Documents/books-manager/node_modules/regenerator-runtime/runtime.js:118:21)
    at asyncGeneratorStep (/Users/yuxianwen/Documents/books-manager/src/server/middlewares/errorHandler.js:8:103)
    at _next (/Users/yuxianwen/Documents/books-manager/src/server/middlewares/errorHandler.js:10:194)
[2020-11-22T22:43:47.802] [ERROR] cheese - [Error: ENOENT: no such file or directory, open '/Users/yuxianwen/Documents/books-manager/src/server/views/index.html'] {
  errno: -2,
  code: 'ENOENT',
  syscall: 'open',
  path: '/Users/yuxianwen/Documents/books-manager/src/server/views/index.html'
}
[2020-11-22T22:43:51.276] [ERROR] cheese - [Error: ENOENT: no such file or directory, open '/Users/yuxianwen/Documents/books-manager/src/server/views/index.html'] {
  errno: -2,
  code: 'ENOENT',
  syscall: 'open',
  path: '/Users/yuxianwen/Documents/books-manager/src/server/views/index.html'
}
[2020-11-22T22:44:02.817] [ERROR] cheese - [Error: ENOENT: no such file or directory, open '/Users/yuxianwen/Documents/books-manager/src/views/index.html'] {
  errno: -2,
  code: 'ENOENT',
  syscall: 'open',
  path: '/Users/yuxianwen/Documents/books-manager/src/views/index.html'
}
[2020-11-22T22:44:03.535] [ERROR] cheese - [Error: ENOENT: no such file or directory, open '/Users/yuxianwen/Documents/books-manager/src/views/index.html'] {
  errno: -2,
  code: 'ENOENT',
  syscall: 'open',
  path: '/Users/yuxianwen/Documents/books-manager/src/views/index.html'
}
[2020-12-05T23:47:01.812] [ERROR] cheese - [Error: ENOENT: no such file or directory, open '/Users/yuxianwen/Documents/books-manager/src/web/views/book/list.html'] {
  errno: -2,
  code: 'ENOENT',
  syscall: 'open',
  path: '/Users/yuxianwen/Documents/books-manager/src/web/views/book/list.html'
}
[2020-12-05T23:47:04.159] [ERROR] cheese - [Error: ENOENT: no such file or directory, open '/Users/yuxianwen/Documents/books-manager/src/web/views/book/list.html'] {
  errno: -2,
  code: 'ENOENT',
  syscall: 'open',
  path: '/Users/yuxianwen/Documents/books-manager/src/web/views/book/list.html'
}
[2020-12-06T00:01:48.062] [ERROR] cheese - [Error: ENOENT: no such file or directory, open '/Users/yuxianwen/Documents/books-manager/src/web/views/book/list.html'] {
  errno: -2,
  code: 'ENOENT',
  syscall: 'open',
  path: '/Users/yuxianwen/Documents/books-manager/src/web/views/book/list.html'
}
[2020-12-06T00:03:24.271] [ERROR] cheese - [Error: ENOENT: no such file or directory, open '/Users/yuxianwen/Documents/books-manager/src/web/views/book/list.html'] {
  errno: -2,
  code: 'ENOENT',
  syscall: 'open',
  path: '/Users/yuxianwen/Documents/books-manager/src/web/views/book/list.html'
}
[2020-12-06T00:03:52.522] [ERROR] cheese - [Error: ENOENT: no such file or directory, open '/Users/yuxianwen/Documents/books-manager/src/web/views/book/list.html'] {
  errno: -2,
  code: 'ENOENT',
  syscall: 'open',
  path: '/Users/yuxianwen/Documents/books-manager/src/web/views/book/list.html'
}
[2020-12-06T00:08:46.147] [ERROR] cheese - [Error: ENOENT: no such file or directory, open '/Users/yuxianwen/Documents/books-manager/src/web/views/book/list.html'] {
  errno: -2,
  code: 'ENOENT',
  syscall: 'open',
  path: '/Users/yuxianwen/Documents/books-manager/src/web/views/book/list.html'
}
[2020-12-06T00:08:46.795] [ERROR] cheese - [Error: ENOENT: no such file or directory, open '/Users/yuxianwen/Documents/books-manager/src/web/views/book/list.html'] {
  errno: -2,
  code: 'ENOENT',
  syscall: 'open',
  path: '/Users/yuxianwen/Documents/books-manager/src/web/views/book/list.html'
}
[2020-12-06T00:08:48.185] [ERROR] cheese - [Error: ENOENT: no such file or directory, open '/Users/yuxianwen/Documents/books-manager/src/web/views/book/list.html'] {
  errno: -2,
  code: 'ENOENT',
  syscall: 'open',
  path: '/Users/yuxianwen/Documents/books-manager/src/web/views/book/list.html'
}
[2020-12-06T00:08:56.020] [ERROR] cheese - [Error: ENOENT: no such file or directory, open '/Users/yuxianwen/Documents/books-manager/src/web/views/book/list.html'] {
  errno: -2,
  code: 'ENOENT',
  syscall: 'open',
  path: '/Users/yuxianwen/Documents/books-manager/src/web/views/book/list.html'
}
[2020-12-06T00:08:56.446] [ERROR] cheese - [Error: ENOENT: no such file or directory, open '/Users/yuxianwen/Documents/books-manager/src/web/views/book/list.html'] {
  errno: -2,
  code: 'ENOENT',
  syscall: 'open',
  path: '/Users/yuxianwen/Documents/books-manager/src/web/views/book/list.html'
}
[2020-12-06T00:09:21.971] [ERROR] cheese - [Error: ENOENT: no such file or directory, open '/Users/yuxianwen/Documents/books-manager/src/web/views/book/list.html'] {
  errno: -2,
  code: 'ENOENT',
  syscall: 'open',
  path: '/Users/yuxianwen/Documents/books-manager/src/web/views/book/list.html'
}
[2020-12-06T00:09:23.041] [ERROR] cheese - [Error: ENOENT: no such file or directory, open '/Users/yuxianwen/Documents/books-manager/src/web/views/book/list.html'] {
  errno: -2,
  code: 'ENOENT',
  syscall: 'open',
  path: '/Users/yuxianwen/Documents/books-manager/src/web/views/book/list.html'
}
[2020-12-06T00:10:38.834] [ERROR] cheese - [Error: ENOENT: no such file or directory, open '/Users/yuxianwen/Documents/books-manager/src/web/views/book/list.html'] {
  errno: -2,
  code: 'ENOENT',
  syscall: 'open',
  path: '/Users/yuxianwen/Documents/books-manager/src/web/views/book/list.html'
}
[2020-12-06T00:13:38.339] [ERROR] cheese - [Error: ENOENT: no such file or directory, open '/Users/yuxianwen/Documents/books-manager/src/web/views/book/list.html'] {
  errno: -2,
  code: 'ENOENT',
  syscall: 'open',
  path: '/Users/yuxianwen/Documents/books-manager/src/web/views/book/list.html'
}
[2020-12-06T00:18:32.489] [ERROR] cheese - [Error: ENOENT: no such file or directory, open '/Users/yuxianwen/Documents/books-manager/src/web/views/book/list.html'] {
  errno: -2,
  code: 'ENOENT',
  syscall: 'open',
  path: '/Users/yuxianwen/Documents/books-manager/src/web/views/book/list.html'
}
[2020-12-06T00:18:41.388] [ERROR] cheese - [Error: ENOENT: no such file or directory, open '/Users/yuxianwen/Documents/books-manager/src/web/views/book/list.html'] {
  errno: -2,
  code: 'ENOENT',
  syscall: 'open',
  path: '/Users/yuxianwen/Documents/books-manager/src/web/views/book/list.html'
}
[2020-12-06T00:18:50.537] [ERROR] cheese - [Error: ENOENT: no such file or directory, open '/Users/yuxianwen/Documents/books-manager/src/web/views/book/list.html'] {
  errno: -2,
  code: 'ENOENT',
  syscall: 'open',
  path: '/Users/yuxianwen/Documents/books-manager/src/web/views/book/list.html'
}
[2020-12-06T00:19:01.276] [ERROR] cheese - [Error: ENOENT: no such file or directory, open '/Users/yuxianwen/Documents/books-manager/src/web/views/book/list.html'] {
  errno: -2,
  code: 'ENOENT',
  syscall: 'open',
  path: '/Users/yuxianwen/Documents/books-manager/src/web/views/book/list.html'
}
[2020-12-06T00:23:02.335] [ERROR] cheese - [Error: ENOENT: no such file or directory, open '/Users/yuxianwen/Documents/books-manager/src/web/views/book/list.html'] {
  errno: -2,
  code: 'ENOENT',
  syscall: 'open',
  path: '/Users/yuxianwen/Documents/books-manager/src/web/views/book/list.html'
}
[2020-12-06T00:23:14.835] [ERROR] cheese - [Error: ENOENT: no such file or directory, open '/Users/yuxianwen/Documents/books-manager/src/web/views/book/list.html'] {
  errno: -2,
  code: 'ENOENT',
  syscall: 'open',
  path: '/Users/yuxianwen/Documents/books-manager/src/web/views/book/list.html'
}
[2020-12-06T00:23:27.875] [ERROR] cheese - [Error: ENOENT: no such file or directory, open '/Users/yuxianwen/Documents/books-manager/src/web/views/book/list.html'] {
  errno: -2,
  code: 'ENOENT',
  syscall: 'open',
  path: '/Users/yuxianwen/Documents/books-manager/src/web/views/book/list.html'
}
[2020-12-06T00:23:37.994] [ERROR] cheese - [Error: ENOENT: no such file or directory, open '/Users/yuxianwen/Documents/books-manager/src/web/views/book/list.html'] {
  errno: -2,
  code: 'ENOENT',
  syscall: 'open',
  path: '/Users/yuxianwen/Documents/books-manager/src/web/views/book/list.html'
}
[2020-12-06T00:23:56.585] [ERROR] cheese - [Error: ENOENT: no such file or directory, open '/book/list.html'] {
  errno: -2,
  code: 'ENOENT',
  syscall: 'open',
  path: '/book/list.html'
}
[2020-12-06T00:23:57.298] [ERROR] cheese - [Error: ENOENT: no such file or directory, open '/book/list.html'] {
  errno: -2,
  code: 'ENOENT',
  syscall: 'open',
  path: '/book/list.html'
}
[2020-12-06T00:24:25.962] [ERROR] cheese - [Error: ENOENT: no such file or directory, open '/Users/yuxianwen/Documents/books-manager/src/web/views/book/list.html'] {
  errno: -2,
  code: 'ENOENT',
  syscall: 'open',
  path: '/Users/yuxianwen/Documents/books-manager/src/web/views/book/list.html'
}
[2020-12-06T00:24:26.644] [ERROR] cheese - [Error: ENOENT: no such file or directory, open '/Users/yuxianwen/Documents/books-manager/src/web/views/book/list.html'] {
  errno: -2,
  code: 'ENOENT',
  syscall: 'open',
  path: '/Users/yuxianwen/Documents/books-manager/src/web/views/book/list.html'
}
[2020-12-06T00:27:34.381] [ERROR] cheese - ReferenceError: cosnole is not defined
    at _callee$ (/Users/yuxianwen/Documents/books-manager/src/server/controllers/BookController.js:31:7)
    at tryCatch (/Users/yuxianwen/Documents/books-manager/node_modules/regenerator-runtime/runtime.js:63:40)
    at Generator.invoke [as _invoke] (/Users/yuxianwen/Documents/books-manager/node_modules/regenerator-runtime/runtime.js:293:22)
    at Generator.throw (/Users/yuxianwen/Documents/books-manager/node_modules/regenerator-runtime/runtime.js:118:21)
    at asyncGeneratorStep (/Users/yuxianwen/Documents/books-manager/src/server/controllers/BookController.js:16:103)
    at _throw (/Users/yuxianwen/Documents/books-manager/src/server/controllers/BookController.js:18:291)
[2020-12-06T00:30:05.578] [ERROR] cheese - ReferenceError: cosnole is not defined
    at _callee$ (/Users/yuxianwen/Documents/books-manager/src/server/controllers/BookController.js:30:7)
    at tryCatch (/Users/yuxianwen/Documents/books-manager/node_modules/regenerator-runtime/runtime.js:63:40)
    at Generator.invoke [as _invoke] (/Users/yuxianwen/Documents/books-manager/node_modules/regenerator-runtime/runtime.js:293:22)
    at Generator.throw (/Users/yuxianwen/Documents/books-manager/node_modules/regenerator-runtime/runtime.js:118:21)
    at asyncGeneratorStep (/Users/yuxianwen/Documents/books-manager/src/server/controllers/BookController.js:16:103)
    at _throw (/Users/yuxianwen/Documents/books-manager/src/server/controllers/BookController.js:18:291)
[2020-12-06T00:30:06.301] [ERROR] cheese - ReferenceError: cosnole is not defined
    at _callee$ (/Users/yuxianwen/Documents/books-manager/src/server/controllers/BookController.js:30:7)
    at tryCatch (/Users/yuxianwen/Documents/books-manager/node_modules/regenerator-runtime/runtime.js:63:40)
    at Generator.invoke [as _invoke] (/Users/yuxianwen/Documents/books-manager/node_modules/regenerator-runtime/runtime.js:293:22)
    at Generator.throw (/Users/yuxianwen/Documents/books-manager/node_modules/regenerator-runtime/runtime.js:118:21)
    at asyncGeneratorStep (/Users/yuxianwen/Documents/books-manager/src/server/controllers/BookController.js:16:103)
    at _throw (/Users/yuxianwen/Documents/books-manager/src/server/controllers/BookController.js:18:291)
[2020-12-06T00:30:06.674] [ERROR] cheese - ReferenceError: cosnole is not defined
    at _callee$ (/Users/yuxianwen/Documents/books-manager/src/server/controllers/BookController.js:30:7)
    at tryCatch (/Users/yuxianwen/Documents/books-manager/node_modules/regenerator-runtime/runtime.js:63:40)
    at Generator.invoke [as _invoke] (/Users/yuxianwen/Documents/books-manager/node_modules/regenerator-runtime/runtime.js:293:22)
    at Generator.throw (/Users/yuxianwen/Documents/books-manager/node_modules/regenerator-runtime/runtime.js:118:21)
    at asyncGeneratorStep (/Users/yuxianwen/Documents/books-manager/src/server/controllers/BookController.js:16:103)
    at _throw (/Users/yuxianwen/Documents/books-manager/src/server/controllers/BookController.js:18:291)
[2020-12-06T00:31:59.376] [ERROR] cheese - [Error: ENOENT: no such file or directory, open '/Users/yuxianwen/Documents/books-manager/src/web/views/book/list.html'] {
  errno: -2,
  code: 'ENOENT',
  syscall: 'open',
  path: '/Users/yuxianwen/Documents/books-manager/src/web/views/book/list.html'
}
[2020-12-06T00:37:04.505] [ERROR] cheese - [Error: ENOENT: no such file or directory, open '/Users/yuxianwen/Documents/books-manager/src/web/views/book/list.html'] {
  errno: -2,
  code: 'ENOENT',
  syscall: 'open',
  path: '/Users/yuxianwen/Documents/books-manager/src/web/views/book/list.html'
}
[2020-12-06T00:37:32.337] [ERROR] cheese - [Error: ENOENT: no such file or directory, open '/Users/yuxianwen/Documents/books-manager/src/web/views/book/list.html'] {
  errno: -2,
  code: 'ENOENT',
  syscall: 'open',
  path: '/Users/yuxianwen/Documents/books-manager/src/web/views/book/list.html'
}
[2020-12-06T00:37:33.166] [ERROR] cheese - [Error: ENOENT: no such file or directory, open '/Users/yuxianwen/Documents/books-manager/src/web/views/book/list.html'] {
  errno: -2,
  code: 'ENOENT',
  syscall: 'open',
  path: '/Users/yuxianwen/Documents/books-manager/src/web/views/book/list.html'
}
[2020-12-06T00:37:59.803] [ERROR] cheese - [Error: ENOENT: no such file or directory, open '/Users/yuxianwen/Documents/books-manager/src/web/views/book/list.html'] {
  errno: -2,
  code: 'ENOENT',
  syscall: 'open',
  path: '/Users/yuxianwen/Documents/books-manager/src/web/views/book/list.html'
}
[2020-12-06T00:39:45.560] [ERROR] cheese - [Error: ENOENT: no such file or directory, open '/Users/yuxianwen/Documents/books-manager/src/web/views/book/page/list.html'] {
  errno: -2,
  code: 'ENOENT',
  syscall: 'open',
  path: '/Users/yuxianwen/Documents/books-manager/src/web/views/book/page/list.html'
}
[2020-12-06T00:39:47.173] [ERROR] cheese - [Error: ENOENT: no such file or directory, open '/Users/yuxianwen/Documents/books-manager/src/web/views/book/page/list.html'] {
  errno: -2,
  code: 'ENOENT',
  syscall: 'open',
  path: '/Users/yuxianwen/Documents/books-manager/src/web/views/book/page/list.html'
}
[2020-12-06T01:56:00.824] [ERROR] cheese - [Error: ENOENT: no such file or directory, open '/Users/yuxianwen/Documents/books-manager/dist/web/views/index.html'] {
  errno: -2,
  code: 'ENOENT',
  syscall: 'open',
  path: '/Users/yuxianwen/Documents/books-manager/dist/web/views/index.html'
}
